<?xml version="1.0" encoding="UTF-8"?>
<!-- Generated by org.testng.reporters.JUnitReportReporter -->
<testsuite skipped="0" hostname="DESKTOP-COICN0B" name="FleetStudioTestCalss.TestClass" tests="1" failures="0" timestamp="2021-09-08T16:45:29 IST" time="17.780" errors="0">
  <testcase name="Test1" time="17.780" classname="FleetStudioTestCalss.TestClass"/>
  <system-out>
    <![CDATA[Enter Your Name]]>
  </system-out>
</testsuite> <!-- FleetStudioTestCalss.TestClass -->
